<?xml version="1.0" encoding="UTF-8"?>
<!-- Generated by org.testng.reporters.JUnitReportReporter -->
<testsuite hostname="Bhavesh" failures="0" tests="2" name="testNG.Before_After_Class3" time="0.010" errors="0" timestamp="2022-09-21T09:18:52 IST" skipped="0">
  <testcase classname="testNG.Before_After_Class3" name="method2" time="0.002"/>
  <system-out/>
  <testcase classname="testNG.Before_After_Class3" name="method1" time="0.008"/>
  <system-out/>
</testsuite> <!-- testNG.Before_After_Class3 -->
