<?xml version="1.0" encoding="UTF-8"?>
<!-- Generated by org.testng.reporters.JUnitReportReporter -->
<testsuite hostname="Bhavesh" failures="0" tests="3" name="testNG.Demo_Before_After_Group" time="0.023" errors="0" timestamp="2022-09-21T09:21:57 IST" skipped="0">
  <testcase classname="testNG.Demo_Before_After_Group" name="method1" time="0.019"/>
  <system-out/>
  <testcase classname="testNG.Demo_Before_After_Group" name="method2" time="0.002"/>
  <system-out/>
  <testcase classname="testNG.Demo_Before_After_Group" name="method3" time="0.002"/>
  <system-out/>
</testsuite> <!-- testNG.Demo_Before_After_Group -->
