<?xml version="1.0" encoding="UTF-8"?>
<!-- Generated by org.testng.reporters.JUnitReportReporter -->
<testsuite hostname="Bhavesh" failures="0" tests="3" name="testNG.Demo_Test1" time="0.003" errors="0" timestamp="2022-09-17T09:45:39 IST" skipped="0">
  <testcase classname="testNG.Demo_Test1" name="ticket" time="0.000"/>
  <system-out/>
  <testcase classname="testNG.Demo_Test1" name="login" time="0.002"/>
  <system-out/>
  <testcase classname="testNG.Demo_Test1" name="payment" time="0.001"/>
  <system-out/>
</testsuite> <!-- testNG.Demo_Test1 -->
