<?xml version="1.0" encoding="UTF-8"?>
<!-- Generated by org.testng.reporters.JUnitReportReporter -->
<testsuite hostname="Bhavesh" failures="0" tests="1" name="testNG.Before_After_Test2" time="0.003" errors="0" timestamp="2022-09-19T08:30:43 IST" skipped="0">
  <testcase classname="testNG.Before_After_Test2" name="ticket" time="0.003"/>
  <system-out/>
</testsuite> <!-- testNG.Before_After_Test2 -->
