<?xml version="1.0" encoding="UTF-8"?>
<!-- Generated by org.testng.reporters.JUnitReportReporter -->
<testsuite hostname="Bhavesh" failures="0" tests="3" name="dataDriven.DataDrivenTesting" time="30.491" errors="0" timestamp="2022-09-24T09:09:21 IST" skipped="0">
  <testcase classname="dataDriven.DataDrivenTesting" name="Login" time="10.789"/>
  <system-out/>
  <testcase classname="dataDriven.DataDrivenTesting" name="Login" time="7.989"/>
  <system-out/>
  <testcase classname="dataDriven.DataDrivenTesting" name="Login" time="11.713"/>
  <system-out/>
</testsuite> <!-- dataDriven.DataDrivenTesting -->
