<?xml version="1.0" encoding="UTF-8"?>
<!-- Generated by org.testng.reporters.JUnitReportReporter -->
<testsuite hostname="Bhavesh" failures="0" tests="1" name="testNG.A_Demo_Test" time="0.001" errors="0" timestamp="2022-09-17T09:30:17 IST" skipped="0">
  <testcase classname="testNG.A_Demo_Test" name="login" time="0.001"/>
  <system-out/>
</testsuite> <!-- testNG.A_Demo_Test -->
