<?xml version="1.0" encoding="UTF-8"?>
<!-- Generated by org.testng.reporters.JUnitReportReporter -->
<testsuite hostname="Bhavesh" failures="0" tests="1" name="testNG.Before_After_Class2" time="0.009" errors="0" timestamp="2022-09-21T09:18:52 IST" skipped="0">
  <testcase classname="testNG.Before_After_Class2" name="method1" time="0.009"/>
  <system-out/>
</testsuite> <!-- testNG.Before_After_Class2 -->
