<?xml version="1.0" encoding="UTF-8"?>
<!-- Generated by org.testng.reporters.JUnitReportReporter -->
<testsuite hostname="Bhavesh" failures="0" tests="2" name="testNG.Demo_Before_After_Test" time="0.010" errors="0" timestamp="2022-09-19T08:30:43 IST" skipped="0">
  <testcase classname="testNG.Demo_Before_After_Test" name="ticket" time="0.008"/>
  <system-out/>
  <testcase classname="testNG.Demo_Before_After_Test" name="payment" time="0.002"/>
  <system-out/>
</testsuite> <!-- testNG.Demo_Before_After_Test -->
