<?xml version="1.0" encoding="UTF-8"?>
<!-- Generated by org.testng.reporters.JUnitReportReporter -->
<testsuite hostname="Bhavesh" failures="0" tests="1" name="restAssured.Get_Request" time="1.865" errors="0" timestamp="2022-09-29T08:49:03 IST" skipped="0">
  <testcase classname="restAssured.Get_Request" name="getAll" time="1.865"/>
  <system-out/>
</testsuite> <!-- restAssured.Get_Request -->
