<?xml version="1.0" encoding="UTF-8"?>
<!-- Generated by org.testng.reporters.JUnitReportReporter -->
<testsuite hostname="Bhavesh" failures="0" tests="1" name="testNG.Demo_Test" time="0.008" errors="0" timestamp="2022-09-17T09:45:39 IST" skipped="0">
  <testcase classname="testNG.Demo_Test" name="redbusLogin" time="0.008"/>
  <system-out/>
</testsuite> <!-- testNG.Demo_Test -->
