<?xml version="1.0" encoding="UTF-8"?>
<!-- Generated by org.testng.reporters.JUnitReportReporter -->
<testsuite hostname="Bhavesh" failures="0" tests="1" name="restAssured.GetID_Request" time="2.372" errors="0" timestamp="2022-09-29T20:44:40 IST" skipped="0">
  <testcase classname="restAssured.GetID_Request" name="getID" time="2.372"/>
  <system-out/>
</testsuite> <!-- restAssured.GetID_Request -->
