<?xml version="1.0" encoding="UTF-8"?>
<!-- Generated by org.testng.reporters.JUnitReportReporter -->
<testsuite hostname="Bhavesh" failures="0" tests="3" name="testNG.Demo_Test_Parameters" time="0.017" errors="0" timestamp="2022-09-19T08:57:38 IST" skipped="1">
  <testcase classname="testNG.Demo_Test_Parameters" name="method2" time="0.015"/>
  <system-out/>
  <testcase classname="testNG.Demo_Test_Parameters" name="method3" time="0.002"/>
  <system-out/>
  <testcase classname="testNG.Demo_Test_Parameters" name="method1">
    <skipped/>
  </testcase> <!-- method1 -->
  <system-out/>
</testsuite> <!-- testNG.Demo_Test_Parameters -->
