<?xml version="1.0" encoding="UTF-8"?>
<!-- Generated by org.testng.reporters.JUnitReportReporter -->
<testsuite hostname="Bhavesh" failures="0" tests="1" name="restAssured.Put_Request" time="2.194" errors="0" timestamp="2022-09-29T08:55:14 IST" skipped="0">
  <testcase classname="restAssured.Put_Request" name="put" time="2.194"/>
  <system-out/>
</testsuite> <!-- restAssured.Put_Request -->
